d:\projects\jg\include\glog-0.3.3\vsprojects\libglog\release\vc140.pdb
d:\projects\jg\include\glog-0.3.3\vsprojects\libglog\release\port.obj
d:\projects\jg\include\glog-0.3.3\vsprojects\libglog\release\vlog_is_on.obj
d:\projects\jg\include\glog-0.3.3\vsprojects\libglog\release\utilities.obj
d:\projects\jg\include\glog-0.3.3\vsprojects\libglog\release\raw_logging.obj
d:\projects\jg\include\glog-0.3.3\vsprojects\libglog\release\logging.obj
d:\projects\jg\include\glog-0.3.3\release\libglog.lib
d:\projects\jg\include\glog-0.3.3\release\libglog.exp
d:\projects\jg\include\glog-0.3.3\release\libglog.dll
d:\projects\jg\include\glog-0.3.3\release\libglog.ipdb
d:\projects\jg\include\glog-0.3.3\release\libglog.iobj
d:\projects\jg\include\glog-0.3.3\release\libglog.pdb
e:\工作空间\客户端\姚树龙\jg_新框架\20181205\xctrade_final\include\glog-0.3.3\vsprojects\libglog\release\logging.obj
e:\工作空间\客户端\姚树龙\jg_新框架\20181205\xctrade_final\include\glog-0.3.3\vsprojects\libglog\release\port.obj
e:\工作空间\客户端\姚树龙\jg_新框架\20181205\xctrade_final\include\glog-0.3.3\vsprojects\libglog\release\raw_logging.obj
e:\工作空间\客户端\姚树龙\jg_新框架\20181205\xctrade_final\include\glog-0.3.3\vsprojects\libglog\release\utilities.obj
e:\工作空间\客户端\姚树龙\jg_新框架\20181205\xctrade_final\include\glog-0.3.3\vsprojects\libglog\release\vlog_is_on.obj
e:\工作空间\客户端\姚树龙\jg_新框架\20181205\xctrade_final\include\glog-0.3.3\vsprojects\libglog\release\vc140.pdb
e:\工作空间\客户端\姚树龙\jg_新框架\20181205\xctrade_final\include\glog-0.3.3\release\libglog.pdb
e:\工作空间\客户端\姚树龙\jg_新框架\20181205\xctrade_final\include\glog-0.3.3\release\libglog.dll
e:\工作空间\客户端\姚树龙\jg_新框架\20181205\xctrade_final\include\glog-0.3.3\vsprojects\libglog\release\libglog.tlog\cl.command.1.tlog
e:\工作空间\客户端\姚树龙\jg_新框架\20181205\xctrade_final\include\glog-0.3.3\vsprojects\libglog\release\libglog.tlog\cl.read.1.tlog
e:\工作空间\客户端\姚树龙\jg_新框架\20181205\xctrade_final\include\glog-0.3.3\vsprojects\libglog\release\libglog.tlog\cl.write.1.tlog
e:\工作空间\客户端\姚树龙\jg_新框架\20181205\xctrade_final\include\glog-0.3.3\vsprojects\libglog\release\libglog.tlog\libglog.write.1u.tlog
e:\工作空间\客户端\姚树龙\jg_新框架\20181205\xctrade_final\include\glog-0.3.3\vsprojects\libglog\release\libglog.tlog\link.command.1.tlog
e:\工作空间\客户端\姚树龙\jg_新框架\20181205\xctrade_final\include\glog-0.3.3\vsprojects\libglog\release\libglog.tlog\link.read.1.tlog
e:\工作空间\客户端\姚树龙\jg_新框架\20181205\xctrade_final\include\glog-0.3.3\vsprojects\libglog\release\libglog.tlog\link.write.1.tlog
