  logging.cc
E:\工作空间\客户端\姚树龙\JG_新框架\20181205\XcTrade_Final\include\glog-0.3.3\src\windows\port.h(117): warning C4005: “va_copy”: 宏重定义
  C:\Program Files (x86)\Microsoft Visual Studio 14.0\VC\include\stdarg.h(20): note: 参见“va_copy”的前一个定义
  raw_logging.cc
E:\工作空间\客户端\姚树龙\JG_新框架\20181205\XcTrade_Final\include\glog-0.3.3\src\windows\port.h(117): warning C4005: “va_copy”: 宏重定义
  C:\Program Files (x86)\Microsoft Visual Studio 14.0\VC\include\stdarg.h(20): note: 参见“va_copy”的前一个定义
  utilities.cc
E:\工作空间\客户端\姚树龙\JG_新框架\20181205\XcTrade_Final\include\glog-0.3.3\src\windows\port.h(117): warning C4005: “va_copy”: 宏重定义
  C:\Program Files (x86)\Microsoft Visual Studio 14.0\VC\include\stdarg.h(20): note: 参见“va_copy”的前一个定义
  vlog_is_on.cc
E:\工作空间\客户端\姚树龙\JG_新框架\20181205\XcTrade_Final\include\glog-0.3.3\src\windows\port.h(117): warning C4005: “va_copy”: 宏重定义
  C:\Program Files (x86)\Microsoft Visual Studio 14.0\VC\include\stdarg.h(20): note: 参见“va_copy”的前一个定义
  port.cc
e:\工作空间\客户端\姚树龙\jg_新框架\20181205\xctrade_final\include\glog-0.3.3\src\windows\port.h(117): warning C4005: “va_copy”: 宏重定义
  C:\Program Files (x86)\Microsoft Visual Studio 14.0\VC\include\stdarg.h(20): note: 参见“va_copy”的前一个定义
    正在创建库 E:\工作空间\客户端\姚树龙\JG_新框架\20181205\XcTrade_Final\include\glog-0.3.3\Release\libglog.lib 和对象 E:\工作空间\客户端\姚树龙\JG_新框架\20181205\XcTrade_Final\include\glog-0.3.3\Release\libglog.exp
  正在生成代码
e:\工作空间\客户端\姚树龙\jg_新框架\20181205\xctrade_final\include\glog-0.3.3\src\windows\glog\logging.h(1575): warning C4722: “google::NullStreamFatal::~NullStreamFatal”: 析构函数永远不会返回，可能会发生内存泄漏
  928 of 932 functions (99.6%) were compiled, the rest were copied from previous compilation.
    385 functions were new in current compilation
    1 functions had inline decision re-evaluated but remain unchanged
  已完成代码的生成
  libglog.vcxproj -> E:\工作空间\客户端\姚树龙\JG_新框架\20181205\XcTrade_Final\include\glog-0.3.3\Release\libglog.dll
  libglog.vcxproj -> E:\工作空间\客户端\姚树龙\JG_新框架\20181205\XcTrade_Final\include\glog-0.3.3\Release\libglog.pdb (Full PDB)
