d:\projects\jg\include\glog-0.3.3\vsprojects\libglog_static\release\libglog_static.pdb
d:\projects\jg\include\glog-0.3.3\vsprojects\libglog_static\release\port.obj
d:\projects\jg\include\glog-0.3.3\vsprojects\libglog_static\release\vlog_is_on.obj
d:\projects\jg\include\glog-0.3.3\vsprojects\libglog_static\release\utilities.obj
d:\projects\jg\include\glog-0.3.3\vsprojects\libglog_static\release\raw_logging.obj
d:\projects\jg\include\glog-0.3.3\vsprojects\libglog_static\release\logging.obj
d:\projects\jg\include\glog-0.3.3\release\libglog_static.lib
e:\工作空间\客户端\姚树龙\jg_新框架\20181205\xctrade_final\include\glog-0.3.3\vsprojects\libglog_static\release\logging.obj
e:\工作空间\客户端\姚树龙\jg_新框架\20181205\xctrade_final\include\glog-0.3.3\vsprojects\libglog_static\release\port.obj
e:\工作空间\客户端\姚树龙\jg_新框架\20181205\xctrade_final\include\glog-0.3.3\vsprojects\libglog_static\release\raw_logging.obj
e:\工作空间\客户端\姚树龙\jg_新框架\20181205\xctrade_final\include\glog-0.3.3\vsprojects\libglog_static\release\utilities.obj
e:\工作空间\客户端\姚树龙\jg_新框架\20181205\xctrade_final\include\glog-0.3.3\vsprojects\libglog_static\release\vlog_is_on.obj
e:\工作空间\客户端\姚树龙\jg_新框架\20181205\xctrade_final\include\glog-0.3.3\vsprojects\libglog_static\release\libglog_static.pdb
e:\工作空间\客户端\姚树龙\jg_新框架\20181205\xctrade_final\include\glog-0.3.3\release\libglog_static.lib
e:\工作空间\客户端\姚树龙\jg_新框架\20181205\xctrade_final\include\glog-0.3.3\vsprojects\libglog_static\release\libglog_static.tlog\cl.command.1.tlog
e:\工作空间\客户端\姚树龙\jg_新框架\20181205\xctrade_final\include\glog-0.3.3\vsprojects\libglog_static\release\libglog_static.tlog\cl.read.1.tlog
e:\工作空间\客户端\姚树龙\jg_新框架\20181205\xctrade_final\include\glog-0.3.3\vsprojects\libglog_static\release\libglog_static.tlog\cl.write.1.tlog
e:\工作空间\客户端\姚树龙\jg_新框架\20181205\xctrade_final\include\glog-0.3.3\vsprojects\libglog_static\release\libglog_static.tlog\lib-link.read.1.tlog
e:\工作空间\客户端\姚树龙\jg_新框架\20181205\xctrade_final\include\glog-0.3.3\vsprojects\libglog_static\release\libglog_static.tlog\lib-link.write.1.tlog
e:\工作空间\客户端\姚树龙\jg_新框架\20181205\xctrade_final\include\glog-0.3.3\vsprojects\libglog_static\release\libglog_static.tlog\lib.command.1.tlog
